<?xml version="1.0" encoding="UTF-8"?>
<!-- Generated by org.testng.reporters.JUnitXMLReporter -->
<testsuite hostname="Alis-Air.home" ignored="0" name="CunyFirst Test Cases" tests="2" failures="1" timestamp="2020-03-05T10:28:34 EST" time="28.058" errors="0">
  <testcase name="verifyHomePageTitileTest" time="0.024" classname="com.cunyfirst.qa.testcases.HomePageTest"/>
  <testcase name="verifyStudentCenterLinkTest" time="8.582" classname="com.cunyfirst.qa.testcases.HomePageTest">
    <failure type="java.lang.NullPointerException">
      <![CDATA[java.lang.NullPointerException
at com.cunyfirst.qa.pages.StudentCenter.ClickOnMainMen(StudentCenter.java:14)
at com.cunyfirst.qa.testcases.HomePageTest.verifyStudentCenterLinkTest(HomePageTest.java:49)
at java.util.ArrayList.forEach(ArrayList.java:1249)
... Removed 27 stack frames]]>
    </failure>
  </testcase> <!-- verifyStudentCenterLinkTest -->
</testsuite> <!-- CunyFirst Test Cases -->
