<?xml version="1.0" encoding="UTF-8"?>
<!-- Generated by org.testng.reporters.JUnitXMLReporter -->
<testsuite hostname="Alis-Air.home" ignored="2" tests="0" failures="0" timestamp="2020-03-05T10:17:32 EST" time="0.013" errors="0">
  <testcase name="verifyHomePageTitileTest" time="0.0" classname="com.cunyfirst.qa.testcases.HomePageTest">
    <ignored/>
  </testcase> <!-- verifyHomePageTitileTest -->
  <testcase name="verifyStudentCenterLinkTest" time="0.0" classname="com.cunyfirst.qa.testcases.HomePageTest">
    <ignored/>
  </testcase> <!-- verifyStudentCenterLinkTest -->
</testsuite>
